Frontend/app/build/intermediates/manifest_merge_blame_file/debug/manifest-merger-blame-debug-report.txt
1<?xml version="1.0" encoding="utf-8"?>
2<manifest xmlns:android="http://schemas.android.com/apk/res/android"
3    package="com.example.bioprover"
4    android:versionCode="1"
5    android:versionName="1.0" >
6
7    <uses-sdk
8        android:minSdkVersion="29"
8-->src\main\AndroidManifest.xml
9        android:targetSdkVersion="31" />
9-->src\main\AndroidManifest.xml
10
11    <uses-feature
11-->src\main\AndroidManifest.xml:5:5-7:35
12        android:name="android.hardware.camera"
12-->src\main\AndroidManifest.xml:6:9-47
13        android:required="true" />
13-->src\main\AndroidManifest.xml:7:9-32
14
15    <uses-permission android:name="android.permission.WRITE_EXTERNAL_STORAGE" />
15-->src\main\AndroidManifest.xml:9:5-81
15-->src\main\AndroidManifest.xml:9:22-78
16    <uses-permission android:name="android.permission.READ_EXTERNAL_STORAGE" />
16-->src\main\AndroidManifest.xml:10:5-80
16-->src\main\AndroidManifest.xml:10:22-77
17    <uses-permission android:name="android.permission.INTERNET" />
17-->src\main\AndroidManifest.xml:11:5-67
17-->src\main\AndroidManifest.xml:11:22-64
18
19    <application
19-->src\main\AndroidManifest.xml:13:5-51:19
20        android:allowBackup="true"
20-->src\main\AndroidManifest.xml:14:9-35
21        android:appComponentFactory="androidx.core.app.CoreComponentFactory"
21-->[androidx.core:core:1.5.0] AndroidManifest.xml:24:18-86
22        android:debuggable="true"
23        android:extractNativeLibs="false"
24        android:icon="@mipmap/ic_launcher"
24-->src\main\AndroidManifest.xml:15:9-43
25        android:label="@string/app_name"
25-->src\main\AndroidManifest.xml:16:9-41
26        android:roundIcon="@mipmap/ic_launcher_round"
26-->src\main\AndroidManifest.xml:17:9-54
27        android:supportsRtl="true"
27-->src\main\AndroidManifest.xml:18:9-35
28        android:testOnly="true"
29        android:theme="@style/Theme.Bioprover"
29-->src\main\AndroidManifest.xml:19:9-47
30        android:usesCleartextTraffic="true" >
30-->src\main\AndroidManifest.xml:20:9-44
31        <activity
31-->src\main\AndroidManifest.xml:21:9-31:20
32            android:name="com.example.bioprover.HomeActivity"
32-->src\main\AndroidManifest.xml:22:13-41
33            android:exported="true"
33-->src\main\AndroidManifest.xml:23:13-36
34            android:label="@string/app_name"
34-->src\main\AndroidManifest.xml:24:13-45
35            android:theme="@style/splashScreenTheme" >
35-->src\main\AndroidManifest.xml:25:13-53
36            <intent-filter>
36-->src\main\AndroidManifest.xml:26:9-30:25
37                <action android:name="android.intent.action.MAIN" />
37-->src\main\AndroidManifest.xml:27:13-65
37-->src\main\AndroidManifest.xml:27:21-62
38
39                <category android:name="android.intent.category.LAUNCHER" />
39-->src\main\AndroidManifest.xml:29:13-73
39-->src\main\AndroidManifest.xml:29:23-70
40            </intent-filter>
41        </activity>
42
43        <provider
44            android:name="androidx.core.content.FileProvider"
44-->src\main\AndroidManifest.xml:34:13-62
45            android:authorities="com.example.bioprover.provider"
45-->src\main\AndroidManifest.xml:35:13-60
46            android:exported="false"
46-->src\main\AndroidManifest.xml:36:13-37
47            android:grantUriPermissions="true" >
47-->src\main\AndroidManifest.xml:37:13-47
48            <meta-data
48-->src\main\AndroidManifest.xml:38:13-40:58
49                android:name="android.support.FILE_PROVIDER_PATHS"
49-->src\main\AndroidManifest.xml:39:17-67
50                android:resource="@xml/provider_paths" />
50-->src\main\AndroidManifest.xml:40:17-55
51        </provider>
52
53        <activity
53-->src\main\AndroidManifest.xml:43:9-50:20
54            android:name="com.example.bioprover.MainActivity"
54-->src\main\AndroidManifest.xml:44:13-41
55            android:exported="false"
55-->src\main\AndroidManifest.xml:45:13-37
56            android:label="@string/app_name"
56-->src\main\AndroidManifest.xml:46:13-45
57            android:screenOrientation="portrait" >
57-->src\main\AndroidManifest.xml:47:13-49
58        </activity>
59    </application>
60
61</manifest>